<?xml version="1.0" encoding="UTF-8"?>
<!-- Generated by org.testng.reporters.JUnitReportReporter -->
<testsuite hostname="Goosa-HP-Notebook" failures="0" tests="1" name="qaproject.webtest" time="20.087" errors="0" timestamp="2022-05-27T23:24:18 EET" skipped="0">
  <testcase classname="qaproject.webtest" name="verifyQuantityReflection" time="20.087"/>
  <system-out/>
</testsuite> <!-- qaproject.webtest -->
