<?xml version="1.0" encoding="UTF-8"?>
<!-- Generated by org.testng.reporters.JUnitReportReporter -->
<testsuite hostname="Goosa-HP-Notebook" failures="0" tests="1" name="qaproject.webtest" time="19.024" errors="0" timestamp="2022-05-28T00:14:43 EET" skipped="0">
  <testcase classname="qaproject.webtest" name="addToCart" time="19.024"/>
  <system-out/>
</testsuite> <!-- qaproject.webtest -->
