<?xml version="1.0" encoding="UTF-8"?>
<!-- Generated by org.testng.reporters.JUnitReportReporter -->
<testsuite hostname="Goosa-HP-Notebook" failures="0" tests="1" name="qaproject.webtest" time="16.115" errors="0" timestamp="2022-05-27T01:07:11 EET" skipped="0">
  <testcase classname="qaproject.webtest" name="verifyAddingCart_WO_Login" time="16.115"/>
  <system-out/>
</testsuite> <!-- qaproject.webtest -->
